1757246459.671384 client started (62175): version 3.2a, socket /tmp/tmux-1000/default, protocol 8
1757246459.671420 on Linux 6.8.0-79-generic #79~22.04.1-Ubuntu SMP PREEMPT_DYNAMIC Fri Aug 15 16:54:53 UTC 2
1757246459.671423 using libevent 2.1.12-stable (poll); ncurses 6.3
1757246459.671429 flags are 0x10010000
1757246459.671433 socket is /tmp/tmux-1000/default
1757246459.671446 trying connect
1757246459.671488 add peer 0x57c2e97a80b0: 6 ((nil))
1757246459.671656 sending message 100 to peer 0x57c2e97a80b0 (4 bytes)
1757246459.671661 sending message 111 to peer 0x57c2e97a80b0 (8 bytes)
1757246459.671664 sending message 101 to peer 0x57c2e97a80b0 (14 bytes)
1757246459.671666 sending message 109 to peer 0x57c2e97a80b0 (4 bytes)
1757246459.671668 sending message 102 to peer 0x57c2e97a80b0 (11 bytes)
1757246459.671670 sending message 108 to peer 0x57c2e97a80b0 (50 bytes)
1757246459.671672 sending message 112 to peer 0x57c2e97a80b0 (70 bytes)
1757246459.671674 sending message 112 to peer 0x57c2e97a80b0 (5 bytes)
1757246459.671676 sending message 112 to peer 0x57c2e97a80b0 (5 bytes)
1757246459.671679 sending message 112 to peer 0x57c2e97a80b0 (6 bytes)
1757246459.671681 sending message 112 to peer 0x57c2e97a80b0 (6 bytes)
1757246459.671682 sending message 112 to peer 0x57c2e97a80b0 (11 bytes)
1757246459.671684 sending message 112 to peer 0x57c2e97a80b0 (10 bytes)
1757246459.671686 sending message 112 to peer 0x57c2e97a80b0 (13 bytes)
1757246459.671688 sending message 112 to peer 0x57c2e97a80b0 (13 bytes)
1757246459.671690 sending message 112 to peer 0x57c2e97a80b0 (18 bytes)
1757246459.671692 sending message 112 to peer 0x57c2e97a80b0 (11 bytes)
1757246459.671694 sending message 112 to peer 0x57c2e97a80b0 (10 bytes)
1757246459.671696 sending message 112 to peer 0x57c2e97a80b0 (15 bytes)
1757246459.671698 sending message 112 to peer 0x57c2e97a80b0 (21 bytes)
1757246459.671700 sending message 112 to peer 0x57c2e97a80b0 (13 bytes)
1757246459.671702 sending message 112 to peer 0x57c2e97a80b0 (7 bytes)
1757246459.671704 sending message 112 to peer 0x57c2e97a80b0 (13 bytes)
1757246459.671706 sending message 112 to peer 0x57c2e97a80b0 (7 bytes)
1757246459.671708 sending message 112 to peer 0x57c2e97a80b0 (13 bytes)
1757246459.671710 sending message 112 to peer 0x57c2e97a80b0 (9 bytes)
1757246459.671712 sending message 112 to peer 0x57c2e97a80b0 (21 bytes)
1757246459.671714 sending message 112 to peer 0x57c2e97a80b0 (13 bytes)
1757246459.671716 sending message 112 to peer 0x57c2e97a80b0 (8 bytes)
1757246459.671718 sending message 112 to peer 0x57c2e97a80b0 (12 bytes)
1757246459.671720 sending message 112 to peer 0x57c2e97a80b0 (13 bytes)
1757246459.671722 sending message 112 to peer 0x57c2e97a80b0 (9 bytes)
1757246459.671724 sending message 112 to peer 0x57c2e97a80b0 (9 bytes)
1757246459.671726 sending message 112 to peer 0x57c2e97a80b0 (12 bytes)
1757246459.671728 sending message 112 to peer 0x57c2e97a80b0 (8 bytes)
1757246459.671730 sending message 112 to peer 0x57c2e97a80b0 (8 bytes)
1757246459.671732 sending message 112 to peer 0x57c2e97a80b0 (7 bytes)
1757246459.671734 sending message 112 to peer 0x57c2e97a80b0 (7 bytes)
1757246459.671736 sending message 112 to peer 0x57c2e97a80b0 (9 bytes)
1757246459.671738 sending message 112 to peer 0x57c2e97a80b0 (13 bytes)
1757246459.671740 sending message 112 to peer 0x57c2e97a80b0 (6 bytes)
1757246459.671742 sending message 112 to peer 0x57c2e97a80b0 (9 bytes)
1757246459.671744 sending message 112 to peer 0x57c2e97a80b0 (15 bytes)
1757246459.671746 sending message 112 to peer 0x57c2e97a80b0 (13 bytes)
1757246459.671748 sending message 112 to peer 0x57c2e97a80b0 (12 bytes)
1757246459.671750 sending message 112 to peer 0x57c2e97a80b0 (8 bytes)
1757246459.671752 sending message 112 to peer 0x57c2e97a80b0 (14 bytes)
1757246459.671754 sending message 112 to peer 0x57c2e97a80b0 (11 bytes)
1757246459.671756 sending message 112 to peer 0x57c2e97a80b0 (9 bytes)
1757246459.671758 sending message 112 to peer 0x57c2e97a80b0 (10 bytes)
1757246459.671760 sending message 112 to peer 0x57c2e97a80b0 (10 bytes)
1757246459.671768 sending message 112 to peer 0x57c2e97a80b0 (10 bytes)
1757246459.671770 sending message 112 to peer 0x57c2e97a80b0 (10 bytes)
1757246459.671772 sending message 112 to peer 0x57c2e97a80b0 (11 bytes)
1757246459.671774 sending message 112 to peer 0x57c2e97a80b0 (12 bytes)
1757246459.671776 sending message 112 to peer 0x57c2e97a80b0 (12 bytes)
1757246459.671779 sending message 112 to peer 0x57c2e97a80b0 (12 bytes)
1757246459.671781 sending message 112 to peer 0x57c2e97a80b0 (12 bytes)
1757246459.671783 sending message 112 to peer 0x57c2e97a80b0 (12 bytes)
1757246459.671785 sending message 112 to peer 0x57c2e97a80b0 (11 bytes)
1757246459.671787 sending message 112 to peer 0x57c2e97a80b0 (11 bytes)
1757246459.671789 sending message 112 to peer 0x57c2e97a80b0 (12 bytes)
1757246459.671792 sending message 112 to peer 0x57c2e97a80b0 (12 bytes)
1757246459.671794 sending message 112 to peer 0x57c2e97a80b0 (12 bytes)
1757246459.671796 sending message 112 to peer 0x57c2e97a80b0 (12 bytes)
1757246459.671798 sending message 112 to peer 0x57c2e97a80b0 (12 bytes)
1757246459.671800 sending message 112 to peer 0x57c2e97a80b0 (10 bytes)
1757246459.671802 sending message 112 to peer 0x57c2e97a80b0 (12 bytes)
1757246459.671804 sending message 112 to peer 0x57c2e97a80b0 (13 bytes)
1757246459.671807 sending message 112 to peer 0x57c2e97a80b0 (13 bytes)
1757246459.671809 sending message 112 to peer 0x57c2e97a80b0 (13 bytes)
1757246459.671811 sending message 112 to peer 0x57c2e97a80b0 (13 bytes)
1757246459.671813 sending message 112 to peer 0x57c2e97a80b0 (13 bytes)
1757246459.671815 sending message 112 to peer 0x57c2e97a80b0 (8 bytes)
1757246459.671818 sending message 112 to peer 0x57c2e97a80b0 (11 bytes)
1757246459.671820 sending message 112 to peer 0x57c2e97a80b0 (11 bytes)
1757246459.671822 sending message 112 to peer 0x57c2e97a80b0 (11 bytes)
1757246459.671824 sending message 112 to peer 0x57c2e97a80b0 (12 bytes)
1757246459.671826 sending message 112 to peer 0x57c2e97a80b0 (12 bytes)
1757246459.671828 sending message 112 to peer 0x57c2e97a80b0 (12 bytes)
1757246459.671830 sending message 112 to peer 0x57c2e97a80b0 (12 bytes)
1757246459.671833 sending message 112 to peer 0x57c2e97a80b0 (13 bytes)
1757246459.671835 sending message 112 to peer 0x57c2e97a80b0 (13 bytes)
1757246459.671836 sending message 112 to peer 0x57c2e97a80b0 (13 bytes)
1757246459.671839 sending message 112 to peer 0x57c2e97a80b0 (8 bytes)
1757246459.671841 sending message 112 to peer 0x57c2e97a80b0 (13 bytes)
1757246459.671843 sending message 112 to peer 0x57c2e97a80b0 (13 bytes)
1757246459.671845 sending message 112 to peer 0x57c2e97a80b0 (13 bytes)
1757246459.671847 sending message 112 to peer 0x57c2e97a80b0 (13 bytes)
1757246459.671849 sending message 112 to peer 0x57c2e97a80b0 (13 bytes)
1757246459.671851 sending message 112 to peer 0x57c2e97a80b0 (12 bytes)
1757246459.671853 sending message 112 to peer 0x57c2e97a80b0 (12 bytes)
1757246459.671855 sending message 112 to peer 0x57c2e97a80b0 (12 bytes)
1757246459.671857 sending message 112 to peer 0x57c2e97a80b0 (12 bytes)
1757246459.671860 sending message 112 to peer 0x57c2e97a80b0 (13 bytes)
1757246459.671862 sending message 112 to peer 0x57c2e97a80b0 (8 bytes)
1757246459.671864 sending message 112 to peer 0x57c2e97a80b0 (13 bytes)
1757246459.671866 sending message 112 to peer 0x57c2e97a80b0 (13 bytes)
1757246459.671868 sending message 112 to peer 0x57c2e97a80b0 (13 bytes)
1757246459.671870 sending message 112 to peer 0x57c2e97a80b0 (13 bytes)
1757246459.671872 sending message 112 to peer 0x57c2e97a80b0 (13 bytes)
1757246459.671874 sending message 112 to peer 0x57c2e97a80b0 (13 bytes)
1757246459.671876 sending message 112 to peer 0x57c2e97a80b0 (13 bytes)
1757246459.671878 sending message 112 to peer 0x57c2e97a80b0 (12 bytes)
1757246459.671880 sending message 112 to peer 0x57c2e97a80b0 (12 bytes)
1757246459.671882 sending message 112 to peer 0x57c2e97a80b0 (12 bytes)
1757246459.671884 sending message 112 to peer 0x57c2e97a80b0 (8 bytes)
1757246459.671887 sending message 112 to peer 0x57c2e97a80b0 (12 bytes)
1757246459.671892 sending message 112 to peer 0x57c2e97a80b0 (13 bytes)
1757246459.671894 sending message 112 to peer 0x57c2e97a80b0 (13 bytes)
1757246459.671896 sending message 112 to peer 0x57c2e97a80b0 (13 bytes)
1757246459.671898 sending message 112 to peer 0x57c2e97a80b0 (13 bytes)
1757246459.671900 sending message 112 to peer 0x57c2e97a80b0 (13 bytes)
1757246459.671902 sending message 112 to peer 0x57c2e97a80b0 (13 bytes)
1757246459.671904 sending message 112 to peer 0x57c2e97a80b0 (13 bytes)
1757246459.671906 sending message 112 to peer 0x57c2e97a80b0 (13 bytes)
1757246459.671908 sending message 112 to peer 0x57c2e97a80b0 (12 bytes)
1757246459.671910 sending message 112 to peer 0x57c2e97a80b0 (10 bytes)
1757246459.671912 sending message 112 to peer 0x57c2e97a80b0 (12 bytes)
1757246459.671914 sending message 112 to peer 0x57c2e97a80b0 (12 bytes)
1757246459.671917 sending message 112 to peer 0x57c2e97a80b0 (12 bytes)
1757246459.671919 sending message 112 to peer 0x57c2e97a80b0 (13 bytes)
1757246459.671921 sending message 112 to peer 0x57c2e97a80b0 (13 bytes)
1757246459.671923 sending message 112 to peer 0x57c2e97a80b0 (13 bytes)
1757246459.671925 sending message 112 to peer 0x57c2e97a80b0 (13 bytes)
1757246459.671927 sending message 112 to peer 0x57c2e97a80b0 (13 bytes)
1757246459.671929 sending message 112 to peer 0x57c2e97a80b0 (13 bytes)
1757246459.671931 sending message 112 to peer 0x57c2e97a80b0 (13 bytes)
1757246459.671939 sending message 112 to peer 0x57c2e97a80b0 (10 bytes)
1757246459.671943 sending message 112 to peer 0x57c2e97a80b0 (13 bytes)
1757246459.671945 sending message 112 to peer 0x57c2e97a80b0 (12 bytes)
1757246459.671947 sending message 112 to peer 0x57c2e97a80b0 (12 bytes)
1757246459.671949 sending message 112 to peer 0x57c2e97a80b0 (12 bytes)
1757246459.671951 sending message 112 to peer 0x57c2e97a80b0 (10 bytes)
1757246459.671953 sending message 112 to peer 0x57c2e97a80b0 (10 bytes)
1757246459.671955 sending message 112 to peer 0x57c2e97a80b0 (10 bytes)
1757246459.671957 sending message 112 to peer 0x57c2e97a80b0 (12 bytes)
1757246459.671959 sending message 112 to peer 0x57c2e97a80b0 (13 bytes)
1757246459.671961 sending message 112 to peer 0x57c2e97a80b0 (13 bytes)
1757246459.671963 sending message 112 to peer 0x57c2e97a80b0 (13 bytes)
1757246459.671965 sending message 112 to peer 0x57c2e97a80b0 (13 bytes)
1757246459.671967 sending message 112 to peer 0x57c2e97a80b0 (13 bytes)
1757246459.671969 sending message 112 to peer 0x57c2e97a80b0 (11 bytes)
1757246459.671971 sending message 112 to peer 0x57c2e97a80b0 (11 bytes)
1757246459.671973 sending message 112 to peer 0x57c2e97a80b0 (12 bytes)
1757246459.671975 sending message 112 to peer 0x57c2e97a80b0 (12 bytes)
1757246459.671977 sending message 112 to peer 0x57c2e97a80b0 (12 bytes)
1757246459.671979 sending message 112 to peer 0x57c2e97a80b0 (12 bytes)
1757246459.671981 sending message 112 to peer 0x57c2e97a80b0 (12 bytes)
1757246459.671983 sending message 112 to peer 0x57c2e97a80b0 (11 bytes)
1757246459.671985 sending message 112 to peer 0x57c2e97a80b0 (12 bytes)
1757246459.671987 sending message 112 to peer 0x57c2e97a80b0 (12 bytes)
1757246459.671989 sending message 112 to peer 0x57c2e97a80b0 (13 bytes)
1757246459.671991 sending message 112 to peer 0x57c2e97a80b0 (13 bytes)
1757246459.671993 sending message 112 to peer 0x57c2e97a80b0 (13 bytes)
1757246459.671995 sending message 112 to peer 0x57c2e97a80b0 (13 bytes)
1757246459.671997 sending message 112 to peer 0x57c2e97a80b0 (13 bytes)
1757246459.671999 sending message 112 to peer 0x57c2e97a80b0 (10 bytes)
1757246459.672001 sending message 112 to peer 0x57c2e97a80b0 (9 bytes)
1757246459.672003 sending message 112 to peer 0x57c2e97a80b0 (12 bytes)
1757246459.672005 sending message 112 to peer 0x57c2e97a80b0 (13 bytes)
1757246459.672007 sending message 112 to peer 0x57c2e97a80b0 (13 bytes)
1757246459.672008 sending message 112 to peer 0x57c2e97a80b0 (13 bytes)
1757246459.672010 sending message 112 to peer 0x57c2e97a80b0 (13 bytes)
1757246459.672012 sending message 112 to peer 0x57c2e97a80b0 (13 bytes)
1757246459.672017 sending message 112 to peer 0x57c2e97a80b0 (9 bytes)
1757246459.672020 sending message 112 to peer 0x57c2e97a80b0 (12 bytes)
1757246459.672022 sending message 112 to peer 0x57c2e97a80b0 (13 bytes)
1757246459.672024 sending message 112 to peer 0x57c2e97a80b0 (13 bytes)
1757246459.672026 sending message 112 to peer 0x57c2e97a80b0 (13 bytes)
1757246459.672028 sending message 112 to peer 0x57c2e97a80b0 (13 bytes)
1757246459.672030 sending message 112 to peer 0x57c2e97a80b0 (13 bytes)
1757246459.672032 sending message 112 to peer 0x57c2e97a80b0 (11 bytes)
1757246459.672034 sending message 112 to peer 0x57c2e97a80b0 (12 bytes)
1757246459.672036 sending message 112 to peer 0x57c2e97a80b0 (13 bytes)
1757246459.672038 sending message 112 to peer 0x57c2e97a80b0 (13 bytes)
1757246459.672040 sending message 112 to peer 0x57c2e97a80b0 (13 bytes)
1757246459.672042 sending message 112 to peer 0x57c2e97a80b0 (13 bytes)
1757246459.672044 sending message 112 to peer 0x57c2e97a80b0 (13 bytes)
1757246459.672046 sending message 112 to peer 0x57c2e97a80b0 (11 bytes)
1757246459.672048 sending message 112 to peer 0x57c2e97a80b0 (12 bytes)
1757246459.672050 sending message 112 to peer 0x57c2e97a80b0 (12 bytes)
1757246459.672052 sending message 112 to peer 0x57c2e97a80b0 (12 bytes)
1757246459.672054 sending message 112 to peer 0x57c2e97a80b0 (12 bytes)
1757246459.672056 sending message 112 to peer 0x57c2e97a80b0 (12 bytes)
1757246459.672058 sending message 112 to peer 0x57c2e97a80b0 (21 bytes)
1757246459.672060 sending message 112 to peer 0x57c2e97a80b0 (12 bytes)
1757246459.672062 sending message 112 to peer 0x57c2e97a80b0 (9 bytes)
1757246459.672064 sending message 112 to peer 0x57c2e97a80b0 (6 bytes)
1757246459.672066 sending message 112 to peer 0x57c2e97a80b0 (8 bytes)
1757246459.672068 sending message 112 to peer 0x57c2e97a80b0 (15 bytes)
1757246459.672070 sending message 112 to peer 0x57c2e97a80b0 (13 bytes)
1757246459.672072 sending message 112 to peer 0x57c2e97a80b0 (9 bytes)
1757246459.672074 sending message 112 to peer 0x57c2e97a80b0 (70 bytes)
1757246459.672076 sending message 112 to peer 0x57c2e97a80b0 (69 bytes)
1757246459.672078 sending message 112 to peer 0x57c2e97a80b0 (10 bytes)
1757246459.672081 sending message 112 to peer 0x57c2e97a80b0 (10 bytes)
1757246459.672082 sending message 112 to peer 0x57c2e97a80b0 (8 bytes)
1757246459.672084 sending message 112 to peer 0x57c2e97a80b0 (15 bytes)
1757246459.672087 sending message 112 to peer 0x57c2e97a80b0 (13 bytes)
1757246459.672089 sending message 112 to peer 0x57c2e97a80b0 (10 bytes)
1757246459.672091 sending message 112 to peer 0x57c2e97a80b0 (10 bytes)
1757246459.672093 sending message 112 to peer 0x57c2e97a80b0 (17 bytes)
1757246459.672095 sending message 112 to peer 0x57c2e97a80b0 (10 bytes)
1757246459.672097 sending message 112 to peer 0x57c2e97a80b0 (13 bytes)
1757246459.672099 sending message 112 to peer 0x57c2e97a80b0 (9 bytes)
1757246459.672101 sending message 112 to peer 0x57c2e97a80b0 (5 bytes)
1757246459.672103 sending message 112 to peer 0x57c2e97a80b0 (15 bytes)
1757246459.672106 sending message 104 to peer 0x57c2e97a80b0 (0 bytes)
1757246459.672108 sending message 110 to peer 0x57c2e97a80b0 (0 bytes)
1757246459.672111 sending message 107 to peer 0x57c2e97a80b0 (4 bytes)
1757246459.672113 sending message 105 to peer 0x57c2e97a80b0 (19 bytes)
1757246459.672115 sending message 105 to peer 0x57c2e97a80b0 (16 bytes)
1757246459.672117 sending message 105 to peer 0x57c2e97a80b0 (84 bytes)
1757246459.672119 sending message 105 to peer 0x57c2e97a80b0 (19 bytes)
1757246459.672121 sending message 105 to peer 0x57c2e97a80b0 (20 bytes)
1757246459.672123 sending message 105 to peer 0x57c2e97a80b0 (45 bytes)
1757246459.672126 sending message 105 to peer 0x57c2e97a80b0 (33 bytes)
1757246459.672128 sending message 105 to peer 0x57c2e97a80b0 (63 bytes)
1757246459.672130 sending message 105 to peer 0x57c2e97a80b0 (23 bytes)
1757246459.672132 sending message 105 to peer 0x57c2e97a80b0 (26 bytes)
1757246459.672135 sending message 105 to peer 0x57c2e97a80b0 (44 bytes)
1757246459.672139 sending message 105 to peer 0x57c2e97a80b0 (19 bytes)
1757246459.672142 sending message 105 to peer 0x57c2e97a80b0 (36 bytes)
1757246459.672144 sending message 105 to peer 0x57c2e97a80b0 (23 bytes)
1757246459.672146 sending message 105 to peer 0x57c2e97a80b0 (32 bytes)
1757246459.672148 sending message 105 to peer 0x57c2e97a80b0 (20 bytes)
1757246459.672151 sending message 105 to peer 0x57c2e97a80b0 (41 bytes)
1757246459.672153 sending message 105 to peer 0x57c2e97a80b0 (20 bytes)
1757246459.672155 sending message 105 to peer 0x57c2e97a80b0 (23 bytes)
1757246459.672157 sending message 105 to peer 0x57c2e97a80b0 (24 bytes)
1757246459.672159 sending message 105 to peer 0x57c2e97a80b0 (28 bytes)
1757246459.672162 sending message 105 to peer 0x57c2e97a80b0 (54 bytes)
1757246459.672164 sending message 105 to peer 0x57c2e97a80b0 (27 bytes)
1757246459.672166 sending message 105 to peer 0x57c2e97a80b0 (16 bytes)
1757246459.672168 sending message 105 to peer 0x57c2e97a80b0 (21 bytes)
1757246459.672170 sending message 105 to peer 0x57c2e97a80b0 (52 bytes)
1757246459.672172 sending message 105 to peer 0x57c2e97a80b0 (22 bytes)
1757246459.672174 sending message 105 to peer 0x57c2e97a80b0 (41 bytes)
1757246459.672176 sending message 105 to peer 0x57c2e97a80b0 (13 bytes)
1757246459.672179 sending message 105 to peer 0x57c2e97a80b0 (19 bytes)
1757246459.672181 sending message 105 to peer 0x57c2e97a80b0 (17 bytes)
1757246459.672183 sending message 105 to peer 0x57c2e97a80b0 (18 bytes)
1757246459.672185 sending message 105 to peer 0x57c2e97a80b0 (21 bytes)
1757246459.672187 sending message 105 to peer 0x57c2e97a80b0 (17 bytes)
1757246459.672189 sending message 105 to peer 0x57c2e97a80b0 (33 bytes)
1757246459.672191 sending message 105 to peer 0x57c2e97a80b0 (17 bytes)
1757246459.672193 sending message 105 to peer 0x57c2e97a80b0 (25 bytes)
1757246459.672196 sending message 105 to peer 0x57c2e97a80b0 (86 bytes)
1757246459.672198 sending message 105 to peer 0x57c2e97a80b0 (27 bytes)
1757246459.672200 sending message 105 to peer 0x57c2e97a80b0 (23 bytes)
1757246459.672202 sending message 105 to peer 0x57c2e97a80b0 (30 bytes)
1757246459.672204 sending message 105 to peer 0x57c2e97a80b0 (13 bytes)
1757246459.672206 sending message 105 to peer 0x57c2e97a80b0 (13 bytes)
1757246459.672209 sending message 105 to peer 0x57c2e97a80b0 (30 bytes)
1757246459.672211 sending message 105 to peer 0x57c2e97a80b0 (11 bytes)
1757246459.672213 sending message 105 to peer 0x57c2e97a80b0 (8 bytes)
1757246459.672215 sending message 105 to peer 0x57c2e97a80b0 (14 bytes)
1757246459.672217 sending message 105 to peer 0x57c2e97a80b0 (25 bytes)
1757246459.672220 sending message 105 to peer 0x57c2e97a80b0 (18 bytes)
1757246459.672222 sending message 105 to peer 0x57c2e97a80b0 (27 bytes)
1757246459.672224 sending message 105 to peer 0x57c2e97a80b0 (31 bytes)
1757246459.672226 sending message 105 to peer 0x57c2e97a80b0 (20 bytes)
1757246459.672228 sending message 105 to peer 0x57c2e97a80b0 (102 bytes)
1757246459.672230 sending message 105 to peer 0x57c2e97a80b0 (516 bytes)
1757246459.672232 sending message 105 to peer 0x57c2e97a80b0 (18 bytes)
1757246459.672235 sending message 105 to peer 0x57c2e97a80b0 (54 bytes)
1757246459.672237 sending message 105 to peer 0x57c2e97a80b0 (54 bytes)
1757246459.672239 sending message 105 to peer 0x57c2e97a80b0 (23 bytes)
1757246459.672241 sending message 105 to peer 0x57c2e97a80b0 (21 bytes)
1757246459.672243 sending message 105 to peer 0x57c2e97a80b0 (18 bytes)
1757246459.672245 sending message 105 to peer 0x57c2e97a80b0 (16 bytes)
1757246459.672247 sending message 106 to peer 0x57c2e97a80b0 (0 bytes)
1757246459.672251 sending message 200 to peer 0x57c2e97a80b0 (4 bytes)
1757246459.672253 client loop enter
1757246459.672593 peer 0x57c2e97a80b0 message 303
1757246459.672601 open write file 2 -
1757246459.672607 sending message 305 to peer 0x57c2e97a80b0 (8 bytes)
1757246459.672611 write check file 2
1757246459.672781 peer 0x57c2e97a80b0 message 304
1757246459.672787 write 58 to file 2
1757246459.672790 peer 0x57c2e97a80b0 message 203
1757246459.672797 file 2 58 bytes left
1757246459.672804 write check file 2
1757246459.672806 client loop exit
